\BOOKMARK [0][-]{chapter.1}{\376\377\0001\000\040\000H\000i\000e\000r\000a\000r\000c\000h\000i\000c\000a\000l\000\040\000I\000n\000d\000e\000x}{}% 1
\BOOKMARK [1][-]{section.1.1}{\376\377\0001\000.\0001\000\040\000C\000l\000a\000s\000s\000\040\000H\000i\000e\000r\000a\000r\000c\000h\000y}{chapter.1}% 2
\BOOKMARK [0][-]{chapter.2}{\376\377\0002\000\040\000C\000l\000a\000s\000s\000\040\000I\000n\000d\000e\000x}{}% 3
\BOOKMARK [1][-]{section.2.1}{\376\377\0002\000.\0001\000\040\000C\000l\000a\000s\000s\000\040\000L\000i\000s\000t}{chapter.2}% 4
\BOOKMARK [0][-]{chapter.3}{\376\377\0003\000\040\000C\000l\000a\000s\000s\000\040\000D\000o\000c\000u\000m\000e\000n\000t\000a\000t\000i\000o\000n}{}% 5
\BOOKMARK [1][-]{section.3.1}{\376\377\0003\000.\0001\000\040\000e\000x\000o\000s\000p\000e\000c\000.\000l\000c\000\137\000c\000l\000a\000s\000s\000.\000D\000i\000f\000f\000e\000r\000e\000n\000t\000F\000i\000l\000e\000S\000i\000z\000e\000s\000\040\000C\000l\000a\000s\000s\000\040\000R\000e\000f\000e\000r\000e\000n\000c\000e}{chapter.3}% 6
\BOOKMARK [2][-]{subsection.3.1.1}{\376\377\0003\000.\0001\000.\0001\000\040\000D\000e\000t\000a\000i\000l\000e\000d\000\040\000D\000e\000s\000c\000r\000i\000p\000t\000i\000o\000n}{section.3.1}% 7
\BOOKMARK [1][-]{section.3.2}{\376\377\0003\000.\0002\000\040\000e\000x\000o\000s\000p\000e\000c\000.\000l\000c\000\137\000c\000l\000a\000s\000s\000.\000D\000i\000f\000f\000e\000r\000e\000n\000t\000P\000a\000r\000a\000m\000N\000u\000m\000\040\000C\000l\000a\000s\000s\000\040\000R\000e\000f\000e\000r\000e\000n\000c\000e}{chapter.3}% 8
\BOOKMARK [2][-]{subsection.3.2.1}{\376\377\0003\000.\0002\000.\0001\000\040\000D\000e\000t\000a\000i\000l\000e\000d\000\040\000D\000e\000s\000c\000r\000i\000p\000t\000i\000o\000n}{section.3.2}% 9
\BOOKMARK [1][-]{section.3.3}{\376\377\0003\000.\0003\000\040\000e\000x\000o\000s\000p\000e\000c\000.\000r\000e\000a\000d\000\137\000i\000n\000p\000u\000t\000.\000E\000m\000p\000t\000y\000F\000i\000l\000e\000\040\000C\000l\000a\000s\000s\000\040\000R\000e\000f\000e\000r\000e\000n\000c\000e}{chapter.3}% 10
\BOOKMARK [2][-]{subsection.3.3.1}{\376\377\0003\000.\0003\000.\0001\000\040\000D\000e\000t\000a\000i\000l\000e\000d\000\040\000D\000e\000s\000c\000r\000i\000p\000t\000i\000o\000n}{section.3.3}% 11
\BOOKMARK [1][-]{section.3.4}{\376\377\0003\000.\0004\000\040\000e\000x\000o\000s\000p\000e\000c\000.\000l\000c\000\137\000c\000l\000a\000s\000s\000.\000E\000m\000p\000t\000y\000F\000i\000l\000e\000\040\000C\000l\000a\000s\000s\000\040\000R\000e\000f\000e\000r\000e\000n\000c\000e}{chapter.3}% 12
\BOOKMARK [2][-]{subsection.3.4.1}{\376\377\0003\000.\0004\000.\0001\000\040\000D\000e\000t\000a\000i\000l\000e\000d\000\040\000D\000e\000s\000c\000r\000i\000p\000t\000i\000o\000n}{section.3.4}% 13
\BOOKMARK [1][-]{section.3.5}{\376\377\0003\000.\0005\000\040\000e\000x\000o\000s\000p\000e\000c\000.\000l\000c\000\137\000c\000l\000a\000s\000s\000.\000E\000m\000p\000t\000y\000F\000o\000l\000d\000e\000r\000\040\000C\000l\000a\000s\000s\000\040\000R\000e\000f\000e\000r\000e\000n\000c\000e}{chapter.3}% 14
\BOOKMARK [2][-]{subsection.3.5.1}{\376\377\0003\000.\0005\000.\0001\000\040\000D\000e\000t\000a\000i\000l\000e\000d\000\040\000D\000e\000s\000c\000r\000i\000p\000t\000i\000o\000n}{section.3.5}% 15
\BOOKMARK [1][-]{section.3.6}{\376\377\0003\000.\0006\000\040\000e\000x\000o\000s\000p\000e\000c\000.\000l\000c\000\137\000c\000l\000a\000s\000s\000.\000I\000n\000c\000o\000r\000r\000e\000c\000t\000N\000a\000m\000e\000F\000o\000r\000m\000a\000t\000\040\000C\000l\000a\000s\000s\000\040\000R\000e\000f\000e\000r\000e\000n\000c\000e}{chapter.3}% 16
\BOOKMARK [2][-]{subsection.3.6.1}{\376\377\0003\000.\0006\000.\0001\000\040\000D\000e\000t\000a\000i\000l\000e\000d\000\040\000D\000e\000s\000c\000r\000i\000p\000t\000i\000o\000n}{section.3.6}% 17
\BOOKMARK [1][-]{section.3.7}{\376\377\0003\000.\0007\000\040\000e\000x\000o\000s\000p\000e\000c\000.\000l\000c\000\137\000c\000l\000a\000s\000s\000.\000L\000i\000g\000h\000t\000C\000u\000r\000v\000e\000\040\000C\000l\000a\000s\000s\000\040\000R\000e\000f\000e\000r\000e\000n\000c\000e}{chapter.3}% 18
\BOOKMARK [1][-]{section.3.8}{\376\377\0003\000.\0008\000\040\000e\000x\000o\000s\000p\000e\000c\000.\000l\000c\000\137\000c\000l\000a\000s\000s\000.\000L\000i\000g\000h\000t\000C\000u\000r\000v\000e\000D\000a\000t\000a\000\040\000C\000l\000a\000s\000s\000\040\000R\000e\000f\000e\000r\000e\000n\000c\000e}{chapter.3}% 19
\BOOKMARK [1][-]{section.3.9}{\376\377\0003\000.\0009\000\040\000e\000x\000o\000s\000p\000e\000c\000.\000m\000c\000m\000c\000.\000M\000C\000M\000C\000\040\000C\000l\000a\000s\000s\000\040\000R\000e\000f\000e\000r\000e\000n\000c\000e}{chapter.3}% 20
\BOOKMARK [2][-]{subsection.3.9.1}{\376\377\0003\000.\0009\000.\0001\000\040\000D\000e\000t\000a\000i\000l\000e\000d\000\040\000D\000e\000s\000c\000r\000i\000p\000t\000i\000o\000n}{section.3.9}% 21
\BOOKMARK [2][-]{subsection.3.9.2}{\376\377\0003\000.\0009\000.\0002\000\040\000C\000o\000n\000s\000t\000r\000u\000c\000t\000o\000r\000\040\000\046\000\040\000D\000e\000s\000t\000r\000u\000c\000t\000o\000r\000\040\000D\000o\000c\000u\000m\000e\000n\000t\000a\000t\000i\000o\000n}{section.3.9}% 22
\BOOKMARK [3][-]{subsubsection.3.9.2.1}{\376\377\0003\000.\0009\000.\0002\000.\0001\000\040\000\137\000\137\000i\000n\000i\000t\000\137\000\137\000\050\000\051}{subsection.3.9.2}% 23
\BOOKMARK [2][-]{subsection.3.9.3}{\376\377\0003\000.\0009\000.\0003\000\040\000M\000e\000m\000b\000e\000r\000\040\000F\000u\000n\000c\000t\000i\000o\000n\000\040\000D\000o\000c\000u\000m\000e\000n\000t\000a\000t\000i\000o\000n}{section.3.9}% 24
\BOOKMARK [3][-]{subsubsection.3.9.3.1}{\376\377\0003\000.\0009\000.\0003\000.\0001\000\040\000g\000e\000t\000\137\000m\000e\000a\000n\000\137\000a\000c\000c\000e\000p\000t\000a\000n\000c\000e\000\137\000f\000r\000a\000c\000t\000i\000o\000n\000\050\000\051}{subsection.3.9.3}% 25
\BOOKMARK [3][-]{subsubsection.3.9.3.2}{\376\377\0003\000.\0009\000.\0003\000.\0002\000\040\000g\000e\000t\000\137\000m\000e\000d\000i\000a\000n\000\137\000a\000n\000d\000\137\000e\000r\000r\000o\000r\000s\000\050\000\051}{subsection.3.9.3}% 26
\BOOKMARK [3][-]{subsubsection.3.9.3.3}{\376\377\0003\000.\0009\000.\0003\000.\0003\000\040\000l\000i\000g\000h\000t\000\137\000c\000u\000r\000v\000e\000\137\000p\000l\000o\000t\000\050\000\051}{subsection.3.9.3}% 27
\BOOKMARK [3][-]{subsubsection.3.9.3.4}{\376\377\0003\000.\0009\000.\0003\000.\0004\000\040\000r\000u\000n\000\050\000\051}{subsection.3.9.3}% 28
\BOOKMARK [3][-]{subsubsection.3.9.3.5}{\376\377\0003\000.\0009\000.\0003\000.\0005\000\040\000s\000a\000v\000e\000\137\000c\000h\000a\000i\000n\000\050\000\051}{subsection.3.9.3}% 29
\BOOKMARK [3][-]{subsubsection.3.9.3.6}{\376\377\0003\000.\0009\000.\0003\000.\0006\000\040\000t\000r\000i\000a\000n\000g\000l\000e\000\137\000p\000l\000o\000t\000\050\000\051}{subsection.3.9.3}% 30
\BOOKMARK [3][-]{subsubsection.3.9.3.7}{\376\377\0003\000.\0009\000.\0003\000.\0007\000\040\000w\000a\000l\000k\000e\000r\000\137\000p\000l\000o\000t\000\050\000\051}{subsection.3.9.3}% 31
\BOOKMARK [1][-]{section.3.10}{\376\377\0003\000.\0001\0000\000\040\000e\000x\000o\000s\000p\000e\000c\000.\000r\000e\000a\000d\000\137\000i\000n\000p\000u\000t\000.\000N\000o\000I\000n\000p\000u\000t\000\040\000C\000l\000a\000s\000s\000\040\000R\000e\000f\000e\000r\000e\000n\000c\000e}{chapter.3}% 32
\BOOKMARK [2][-]{subsection.3.10.1}{\376\377\0003\000.\0001\0000\000.\0001\000\040\000D\000e\000t\000a\000i\000l\000e\000d\000\040\000D\000e\000s\000c\000r\000i\000p\000t\000i\000o\000n}{section.3.10}% 33
\BOOKMARK [1][-]{section.3.11}{\376\377\0003\000.\0001\0001\000\040\000e\000x\000o\000s\000p\000e\000c\000.\000r\000e\000a\000d\000\137\000i\000n\000p\000u\000t\000.\000r\000e\000a\000d\000\137\000i\000n\000p\000u\000t\000\040\000C\000l\000a\000s\000s\000\040\000R\000e\000f\000e\000r\000e\000n\000c\000e}{chapter.3}% 34
\BOOKMARK [1][-]{section.3.12}{\376\377\0003\000.\0001\0002\000\040\000e\000x\000o\000s\000p\000e\000c\000.\000T\000r\000a\000n\000s\000i\000t\000M\000o\000d\000e\000l\000.\000T\000r\000a\000n\000s\000i\000t\000M\000o\000d\000e\000l\000\040\000C\000l\000a\000s\000s\000\040\000R\000e\000f\000e\000r\000e\000n\000c\000e}{chapter.3}% 35
\BOOKMARK [2][-]{subsection.3.12.1}{\376\377\0003\000.\0001\0002\000.\0001\000\040\000D\000e\000t\000a\000i\000l\000e\000d\000\040\000D\000e\000s\000c\000r\000i\000p\000t\000i\000o\000n}{section.3.12}% 36
\BOOKMARK [2][-]{subsection.3.12.2}{\376\377\0003\000.\0001\0002\000.\0002\000\040\000C\000o\000n\000s\000t\000r\000u\000c\000t\000o\000r\000\040\000\046\000\040\000D\000e\000s\000t\000r\000u\000c\000t\000o\000r\000\040\000D\000o\000c\000u\000m\000e\000n\000t\000a\000t\000i\000o\000n}{section.3.12}% 37
\BOOKMARK [3][-]{subsubsection.3.12.2.1}{\376\377\0003\000.\0001\0002\000.\0002\000.\0001\000\040\000\137\000\137\000i\000n\000i\000t\000\137\000\137\000\050\000\051}{subsection.3.12.2}% 38
\BOOKMARK [2][-]{subsection.3.12.3}{\376\377\0003\000.\0001\0002\000.\0003\000\040\000M\000e\000m\000b\000e\000r\000\040\000F\000u\000n\000c\000t\000i\000o\000n\000\040\000D\000o\000c\000u\000m\000e\000n\000t\000a\000t\000i\000o\000n}{section.3.12}% 39
\BOOKMARK [3][-]{subsubsection.3.12.3.1}{\376\377\0003\000.\0001\0002\000.\0003\000.\0001\000\040\000k\000e\000r\000n\000e\000l\000f\000n\000c\000\050\000\051}{subsection.3.12.3}% 40
\BOOKMARK [3][-]{subsubsection.3.12.3.2}{\376\377\0003\000.\0001\0002\000.\0003\000.\0002\000\040\000l\000n\000l\000i\000k\000e\000\137\000g\000p\000\050\000\051}{subsection.3.12.3}% 41
\BOOKMARK [3][-]{subsubsection.3.12.3.3}{\376\377\0003\000.\0001\0002\000.\0003\000.\0003\000\040\000l\000n\000p\000r\000i\000o\000r\000\137\000b\000a\000s\000e\000\050\000\051}{subsection.3.12.3}% 42
\BOOKMARK [3][-]{subsubsection.3.12.3.4}{\376\377\0003\000.\0001\0002\000.\0003\000.\0004\000\040\000l\000n\000p\000r\000i\000o\000r\000\137\000g\000p\000\050\000\051}{subsection.3.12.3}% 43
\BOOKMARK [3][-]{subsubsection.3.12.3.5}{\376\377\0003\000.\0001\0002\000.\0003\000.\0005\000\040\000l\000n\000p\000r\000o\000b\000\137\000g\000p\000\050\000\051}{subsection.3.12.3}% 44
\BOOKMARK [3][-]{subsubsection.3.12.3.6}{\376\377\0003\000.\0001\0002\000.\0003\000.\0006\000\040\000l\000n\000p\000r\000o\000b\000\137\000m\000c\000m\000c\000\050\000\051}{subsection.3.12.3}% 45
\BOOKMARK [3][-]{subsubsection.3.12.3.7}{\376\377\0003\000.\0001\0002\000.\0003\000.\0007\000\040\000m\000e\000a\000n\000f\000n\000c\000\050\000\051}{subsection.3.12.3}% 46
\BOOKMARK [3][-]{subsubsection.3.12.3.8}{\376\377\0003\000.\0001\0002\000.\0003\000.\0008\000\040\000m\000o\000d\000e\000l\000\050\000\051}{subsection.3.12.3}% 47
\BOOKMARK [3][-]{subsubsection.3.12.3.9}{\376\377\0003\000.\0001\0002\000.\0003\000.\0009\000\040\000r\000e\000a\000d\000\137\000e\000r\000r\000o\000r\000s\000\137\000d\000a\000t\000a\000\050\000\051}{subsection.3.12.3}% 48
\BOOKMARK [3][-]{subsubsection.3.12.3.10}{\376\377\0003\000.\0001\0002\000.\0003\000.\0001\0000\000\040\000r\000e\000a\000d\000\137\000l\000i\000m\000b\000\137\000d\000a\000r\000k\000\137\000p\000a\000r\000a\000m\000s\000\050\000\051}{subsection.3.12.3}% 49
\BOOKMARK [3][-]{subsubsection.3.12.3.11}{\376\377\0003\000.\0001\0002\000.\0003\000.\0001\0001\000\040\000s\000a\000m\000p\000l\000e\000\137\000c\000o\000n\000d\000i\000t\000i\000o\000n\000a\000l\000\050\000\051}{subsection.3.12.3}% 50
\BOOKMARK [3][-]{subsubsection.3.12.3.12}{\376\377\0003\000.\0001\0002\000.\0003\000.\0001\0002\000\040\000s\000e\000t\000\137\000v\000a\000l\000u\000e\000s\000\050\000\051}{subsection.3.12.3}% 51
\BOOKMARK [3][-]{subsubsection.3.12.3.13}{\376\377\0003\000.\0001\0002\000.\0003\000.\0001\0003\000\040\000u\000p\000d\000a\000t\000e\000\137\000d\000a\000t\000a\000\050\000\051}{subsection.3.12.3}% 52
\BOOKMARK [3][-]{subsubsection.3.12.3.14}{\376\377\0003\000.\0001\0002\000.\0003\000.\0001\0004\000\040\000u\000p\000d\000a\000t\000e\000\137\000k\000e\000r\000n\000e\000l\000\137\000p\000a\000r\000a\000m\000s\000\050\000\051}{subsection.3.12.3}% 53
\BOOKMARK [3][-]{subsubsection.3.12.3.15}{\376\377\0003\000.\0001\0002\000.\0003\000.\0001\0005\000\040\000u\000p\000d\000a\000t\000e\000\137\000t\000r\000a\000n\000s\000i\000t\000\137\000p\000a\000r\000a\000m\000s\000\050\000\051}{subsection.3.12.3}% 54
\BOOKMARK [3][-]{subsubsection.3.12.3.16}{\376\377\0003\000.\0001\0002\000.\0003\000.\0001\0006\000\040\000u\000p\000d\000a\000t\000e\000T\000r\000a\000n\000s\000i\000t\000M\000o\000d\000e\000\050\000\051}{subsection.3.12.3}% 55
\BOOKMARK [0][-]{section*.20}{\376\377\000I\000n\000d\000e\000x}{}% 56
